This is pdfTeX, Version 3.141592653-2.6-1.40.27 (TeX Live 2025) (preloaded format=pdflatex 2025.3.8)  2 JAN 2026 16:12
entering extended mode
 restricted \write18 enabled.
 file:line:error style messages enabled.
 %&-line parsing enabled.
**/Users/vs/Documents/Latex/IWreport/template.tex
(/Users/vs/Documents/Latex/IWreport/template.tex
LaTeX2e <2024-11-01> patch level 2
L3 programming layer <2025-01-18>
(./jpaper.cls
Document Class: jpaper 2012/08/02 ISCA Submission template
(/usr/local/texlive/2025/texmf-dist/tex/latex/etoolbox/etoolbox.sty
Package: etoolbox 2025/02/11 v2.5l e-TeX tools for LaTeX (JAW)
\etb@tempcnta=\count196
) (/usr/local/texlive/2025/texmf-dist/tex/latex/base/article.cls
Document Class: article 2024/06/29 v1.4n Standard LaTeX document class
(/usr/local/texlive/2025/texmf-dist/tex/latex/base/size12.clo
File: size12.clo 2024/06/29 v1.4n Standard LaTeX file (size option)
)
\c@part=\count197
\c@section=\count198
\c@subsection=\count199
\c@subsubsection=\count266
\c@paragraph=\count267
\c@subparagraph=\count268
\c@figure=\count269
\c@table=\count270
\abovecaptionskip=\skip49
\belowcaptionskip=\skip50
\bibindent=\dimen141
) (/usr/local/texlive/2025/texmf-dist/tex/latex/base/inputenc.sty
Package: inputenc 2024/02/08 v1.3d Input encoding file
\inpenc@prehook=\toks17
\inpenc@posthook=\toks18
) (/usr/local/texlive/2025/texmf-dist/tex/latex/base/fontenc.sty
Package: fontenc 2021/04/29 v2.0v Standard LaTeX package
) (/usr/local/texlive/2025/texmf-dist/tex/latex/tools/verbatim.sty
Package: verbatim 2024-01-22 v1.5x LaTeX2e package for verbatim enhancements
\every@verbatim=\toks19
\verbatim@line=\toks20
\verbatim@in@stream=\read2
) (/usr/local/texlive/2025/texmf-dist/tex/latex/base/fixltx2e.sty
Package: fixltx2e 2016/12/29 v2.1a fixes to LaTeX (obsolete)
Applying: [2015/01/01] Old fixltx2e package on input line 46.


Package fixltx2e Warning: fixltx2e is not required with releases after 2015
(fixltx2e)                All fixes are now in the LaTeX kernel.
(fixltx2e)                See the latexrelease package for details.

Already applied: [0000/00/00] Old fixltx2e package on input line 53.
) (/usr/local/texlive/2025/texmf-dist/tex/latex/xcolor/xcolor.sty
Package: xcolor 2024/09/29 v3.02 LaTeX color extensions (UK)
 (/usr/local/texlive/2025/texmf-dist/tex/latex/graphics-cfg/color.cfg
File: color.cfg 2016/01/02 v1.6 sample color configuration
)

Package xcolor Warning: Package option `usenames' is obsolete and ignored on input line 265.

Package xcolor Info: Driver file: pdftex.def on input line 274.
(/usr/local/texlive/2025/texmf-dist/tex/latex/graphics-def/pdftex.def
File: pdftex.def 2024/04/13 v1.2c Graphics/color driver for pdftex
) (/usr/local/texlive/2025/texmf-dist/tex/latex/graphics/mathcolor.ltx)
Package xcolor Info: Model `cmy' substituted by `cmy0' on input line 1349.
Package xcolor Info: Model `hsb' substituted by `rgb' on input line 1353.
Package xcolor Info: Model `RGB' extended on input line 1365.
Package xcolor Info: Model `HTML' substituted by `rgb' on input line 1367.
Package xcolor Info: Model `Hsb' substituted by `hsb' on input line 1368.
Package xcolor Info: Model `tHsb' substituted by `hsb' on input line 1369.
Package xcolor Info: Model `HSB' substituted by `hsb' on input line 1370.
Package xcolor Info: Model `Gray' substituted by `gray' on input line 1371.
Package xcolor Info: Model `wave' substituted by `hsb' on input line 1372.
) (/usr/local/texlive/2025/texmf-dist/tex/latex/graphics/dvipsnam.def
File: dvipsnam.def 2016/06/17 v3.0m Driver-dependent file (DPC,SPQR)
) (/usr/local/texlive/2025/texmf-dist/tex/latex/xcolor/svgnam.def
File: svgnam.def 2024/09/29 v3.02 Predefined colors according to SVG 1.1 (UK)
) (/usr/local/texlive/2025/texmf-dist/tex/latex/colortbl/colortbl.sty
Package: colortbl 2024/07/06 v1.0i Color table columns (DPC)
 (/usr/local/texlive/2025/texmf-dist/tex/latex/tools/array.sty
Package: array 2024/10/17 v2.6g Tabular extension package (FMi)
\col@sep=\dimen142
\ar@mcellbox=\box52
\extrarowheight=\dimen143
\NC@list=\toks21
\extratabsurround=\skip51
\backup@length=\skip52
\ar@cellbox=\box53
)
\everycr=\toks22
\minrowclearance=\skip53
\rownum=\count271
) (/usr/local/texlive/2025/texmf-dist/tex/latex/psnfss/mathptmx.sty
Package: mathptmx 2020/03/25 PSNFSS-v9.3 Times w/ Math, improved (SPQR, WaS) 
LaTeX Font Info:    Redeclaring symbol font `operators' on input line 28.
LaTeX Font Info:    Overwriting symbol font `operators' in version `normal'
(Font)                  OT1/cmr/m/n --> OT1/ztmcm/m/n on input line 28.
LaTeX Font Info:    Overwriting symbol font `operators' in version `bold'
(Font)                  OT1/cmr/bx/n --> OT1/ztmcm/m/n on input line 28.
LaTeX Font Info:    Redeclaring symbol font `letters' on input line 29.
LaTeX Font Info:    Overwriting symbol font `letters' in version `normal'
(Font)                  OML/cmm/m/it --> OML/ztmcm/m/it on input line 29.
LaTeX Font Info:    Overwriting symbol font `letters' in version `bold'
(Font)                  OML/cmm/b/it --> OML/ztmcm/m/it on input line 29.
LaTeX Font Info:    Redeclaring symbol font `symbols' on input line 30.
LaTeX Font Info:    Overwriting symbol font `symbols' in version `normal'
(Font)                  OMS/cmsy/m/n --> OMS/ztmcm/m/n on input line 30.
LaTeX Font Info:    Overwriting symbol font `symbols' in version `bold'
(Font)                  OMS/cmsy/b/n --> OMS/ztmcm/m/n on input line 30.
LaTeX Font Info:    Redeclaring symbol font `largesymbols' on input line 31.
LaTeX Font Info:    Overwriting symbol font `largesymbols' in version `normal'
(Font)                  OMX/cmex/m/n --> OMX/ztmcm/m/n on input line 31.
LaTeX Font Info:    Overwriting symbol font `largesymbols' in version `bold'
(Font)                  OMX/cmex/m/n --> OMX/ztmcm/m/n on input line 31.
\symbold=\mathgroup4
\symitalic=\mathgroup5
LaTeX Font Info:    Redeclaring math alphabet \mathbf on input line 34.
LaTeX Font Info:    Overwriting math alphabet `\mathbf' in version `normal'
(Font)                  OT1/cmr/bx/n --> OT1/ptm/bx/n on input line 34.
LaTeX Font Info:    Overwriting math alphabet `\mathbf' in version `bold'
(Font)                  OT1/cmr/bx/n --> OT1/ptm/bx/n on input line 34.
LaTeX Font Info:    Redeclaring math alphabet \mathit on input line 35.
LaTeX Font Info:    Overwriting math alphabet `\mathit' in version `normal'
(Font)                  OT1/cmr/m/it --> OT1/ptm/m/it on input line 35.
LaTeX Font Info:    Overwriting math alphabet `\mathit' in version `bold'
(Font)                  OT1/cmr/bx/it --> OT1/ptm/m/it on input line 35.
LaTeX Info: Redefining \hbar on input line 50.
) (/usr/local/texlive/2025/texmf-dist/tex/latex/psnfss/helvet.sty
Package: helvet 2020/03/25 PSNFSS-v9.3 (WaS) 
 (/usr/local/texlive/2025/texmf-dist/tex/latex/graphics/keyval.sty
Package: keyval 2022/05/29 v1.15 key=value parser (DPC)
\KV@toks@=\toks23
)) (./couriers.sty
Package: couriers 2004/07/10 Scaled Courier (HS) 
) (/usr/local/texlive/2025/texmf-dist/tex/latex/setspace/setspace.sty
Package: setspace 2022/12/04 v6.7b set line spacing
) (/usr/local/texlive/2025/texmf-dist/tex/latex/microtype/microtype.sty
Package: microtype 2025/02/11 v3.2a Micro-typographical refinements (RS)
\MT@toks=\toks24
\MT@tempbox=\box54
\MT@count=\count272
LaTeX Info: Redefining \noprotrusionifhmode on input line 1087.
LaTeX Info: Redefining \leftprotrusion on input line 1088.
\MT@prot@toks=\toks25
LaTeX Info: Redefining \rightprotrusion on input line 1107.
LaTeX Info: Redefining \textls on input line 1449.
\MT@outer@kern=\dimen144
LaTeX Info: Redefining \microtypecontext on input line 2053.
LaTeX Info: Redefining \textmicrotypecontext on input line 2070.
\MT@listname@count=\count273
 (/usr/local/texlive/2025/texmf-dist/tex/latex/microtype/microtype-pdftex.def
File: microtype-pdftex.def 2025/02/11 v3.2a Definitions specific to pdftex (RS)
LaTeX Info: Redefining \lsstyle on input line 944.
LaTeX Info: Redefining \lslig on input line 944.
\MT@outer@space=\skip54
)
Package microtype Info: Loading configuration file microtype.cfg.
 (/usr/local/texlive/2025/texmf-dist/tex/latex/microtype/microtype.cfg
File: microtype.cfg 2025/02/11 v3.2a microtype main configuration file (RS)
)
LaTeX Info: Redefining \microtypesetup on input line 3065.
) (/usr/local/texlive/2025/texmf-dist/tex/latex/geometry/geometry.sty
Package: geometry 2020/01/02 v5.9 Page Geometry
 (/usr/local/texlive/2025/texmf-dist/tex/generic/iftex/ifvtex.sty
Package: ifvtex 2019/10/25 v1.7 ifvtex legacy package. Use iftex instead.
 (/usr/local/texlive/2025/texmf-dist/tex/generic/iftex/iftex.sty
Package: iftex 2024/12/12 v1.0g TeX engine tests
))
\Gm@cnth=\count274
\Gm@cntv=\count275
\c@Gm@tempcnt=\count276
\Gm@bindingoffset=\dimen145
\Gm@wd@mp=\dimen146
\Gm@odd@mp=\dimen147
\Gm@even@mp=\dimen148
\Gm@layoutwidth=\dimen149
\Gm@layoutheight=\dimen150
\Gm@layouthoffset=\dimen151
\Gm@layoutvoffset=\dimen152
\Gm@dimlist=\toks26
) (/usr/local/texlive/2025/texmf-dist/tex/latex/titling/titling.sty
Package: titling 2009/09/04 v2.1d maketitle typesetting
\thanksmarkwidth=\skip55
\thanksmargin=\skip56
\droptitle=\skip57
) (/usr/local/texlive/2025/texmf-dist/tex/latex/abstract/abstract.sty
Package: abstract 2009/06/08 v1.2a configurable abstracts
\abstitleskip=\skip58
\absleftindent=\skip59
\absrightindent=\skip60
\absparindent=\skip61
\absparsep=\skip62
) (/usr/local/texlive/2025/texmf-dist/tex/latex/titlesec/titlesec.sty
Package: titlesec 2025/01/04 v2.17 Sectioning titles
\ttl@box=\box55
\beforetitleunit=\skip63
\aftertitleunit=\skip64
\ttl@plus=\dimen153
\ttl@minus=\dimen154
\ttl@toksa=\toks27
\titlewidth=\dimen155
\titlewidthlast=\dimen156
\titlewidthfirst=\dimen157
)
\sectionspace=\skip65
 (/usr/local/texlive/2025/texmf-dist/tex/latex/tools/enumerate.sty
Package: enumerate 2023/07/04 v3.00 enumerate extensions (DPC)
\@enLab=\toks28
) (/usr/local/texlive/2025/texmf-dist/tex/latex/enumitem/enumitem.sty
Package: enumitem 2025/02/06 v3.11 Customized lists
\labelindent=\skip66
\enit@outerparindent=\dimen158
\enit@toks=\toks29
\enit@inbox=\box56
\enit@count@id=\count277
\enitdp@description=\count278
) (/usr/local/texlive/2025/texmf-dist/tex/latex/caption/caption.sty
Package: caption 2023/08/05 v3.6o Customizing captions (AR)
 (/usr/local/texlive/2025/texmf-dist/tex/latex/caption/caption3.sty
Package: caption3 2023/07/31 v2.4d caption3 kernel (AR)
\caption@tempdima=\dimen159
\captionmargin=\dimen160
\caption@leftmargin=\dimen161
\caption@rightmargin=\dimen162
\caption@width=\dimen163
\caption@indent=\dimen164
\caption@parindent=\dimen165
\caption@hangindent=\dimen166
Package caption Info: Standard document class detected.
)
\c@caption@flags=\count279
\c@continuedfloat=\count280
) (/usr/local/texlive/2025/texmf-dist/tex/latex/float/float.sty
Package: float 2001/11/08 v1.3d Float enhancements (AL)
\c@float@type=\count281
\float@exts=\toks30
\float@box=\box57
\@float@everytoks=\toks31
\@floatcapt=\box58
) (/usr/local/texlive/2025/texmf-dist/tex/latex/graphics/graphicx.sty
Package: graphicx 2021/09/16 v1.2d Enhanced LaTeX Graphics (DPC,SPQR)
 (/usr/local/texlive/2025/texmf-dist/tex/latex/graphics/graphics.sty
Package: graphics 2024/08/06 v1.4g Standard LaTeX Graphics (DPC,SPQR)
 (/usr/local/texlive/2025/texmf-dist/tex/latex/graphics/trig.sty
Package: trig 2023/12/02 v1.11 sin cos tan (DPC)
) (/usr/local/texlive/2025/texmf-dist/tex/latex/graphics-cfg/graphics.cfg
File: graphics.cfg 2016/06/04 v1.11 sample graphics configuration
)
Package graphics Info: Driver file: pdftex.def on input line 106.
)
\Gin@req@height=\dimen167
\Gin@req@width=\dimen168
) (/usr/local/texlive/2025/texmf-dist/tex/latex/booktabs/booktabs.sty
Package: booktabs 2020/01/12 v1.61803398 Publication quality tables
\heavyrulewidth=\dimen169
\lightrulewidth=\dimen170
\cmidrulewidth=\dimen171
\belowrulesep=\dimen172
\belowbottomsep=\dimen173
\aboverulesep=\dimen174
\abovetopsep=\dimen175
\cmidrulesep=\dimen176
\cmidrulekern=\dimen177
\defaultaddspace=\dimen178
\@cmidla=\count282
\@cmidlb=\count283
\@aboverulesep=\dimen179
\@belowrulesep=\dimen180
\@thisruleclass=\count284
\@lastruleclass=\count285
\@thisrulewidth=\dimen181
) (/usr/local/texlive/2025/texmf-dist/tex/latex/multirow/multirow.sty
Package: multirow 2024/11/12 v2.9 Span multiple rows of a table
\multirow@colwidth=\skip67
\multirow@cntb=\count286
\multirow@dima=\skip68
\bigstrutjot=\dimen182
) (/usr/local/texlive/2025/texmf-dist/tex/latex/hyperref/hyperref.sty
Package: hyperref 2024-11-05 v7.01l Hypertext links for LaTeX
 (/usr/local/texlive/2025/texmf-dist/tex/latex/kvsetkeys/kvsetkeys.sty
Package: kvsetkeys 2022-10-05 v1.19 Key value parser (HO)
) (/usr/local/texlive/2025/texmf-dist/tex/generic/kvdefinekeys/kvdefinekeys.sty
Package: kvdefinekeys 2019-12-19 v1.6 Define keys (HO)
) (/usr/local/texlive/2025/texmf-dist/tex/generic/pdfescape/pdfescape.sty
Package: pdfescape 2019/12/09 v1.15 Implements pdfTeX's escape features (HO)
 (/usr/local/texlive/2025/texmf-dist/tex/generic/ltxcmds/ltxcmds.sty
Package: ltxcmds 2023-12-04 v1.26 LaTeX kernel commands for general use (HO)
) (/usr/local/texlive/2025/texmf-dist/tex/generic/pdftexcmds/pdftexcmds.sty
Package: pdftexcmds 2020-06-27 v0.33 Utility functions of pdfTeX for LuaTeX (HO)
 (/usr/local/texlive/2025/texmf-dist/tex/generic/infwarerr/infwarerr.sty
Package: infwarerr 2019/12/03 v1.5 Providing info/warning/error messages (HO)
)
Package pdftexcmds Info: \pdf@primitive is available.
Package pdftexcmds Info: \pdf@ifprimitive is available.
Package pdftexcmds Info: \pdfdraftmode found.
)) (/usr/local/texlive/2025/texmf-dist/tex/latex/hycolor/hycolor.sty
Package: hycolor 2020-01-27 v1.10 Color options for hyperref/bookmark (HO)
) (/usr/local/texlive/2025/texmf-dist/tex/latex/hyperref/nameref.sty
Package: nameref 2023-11-26 v2.56 Cross-referencing by name of section
 (/usr/local/texlive/2025/texmf-dist/tex/latex/refcount/refcount.sty
Package: refcount 2019/12/15 v3.6 Data extraction from label references (HO)
) (/usr/local/texlive/2025/texmf-dist/tex/generic/gettitlestring/gettitlestring.sty
Package: gettitlestring 2019/12/15 v1.6 Cleanup title references (HO)
 (/usr/local/texlive/2025/texmf-dist/tex/latex/kvoptions/kvoptions.sty
Package: kvoptions 2022-06-15 v3.15 Key value format for package options (HO)
))
\c@section@level=\count287
) (/usr/local/texlive/2025/texmf-dist/tex/generic/stringenc/stringenc.sty
Package: stringenc 2019/11/29 v1.12 Convert strings between diff. encodings (HO)
)
\@linkdim=\dimen183
\Hy@linkcounter=\count288
\Hy@pagecounter=\count289
 (/usr/local/texlive/2025/texmf-dist/tex/latex/hyperref/pd1enc.def
File: pd1enc.def 2024-11-05 v7.01l Hyperref: PDFDocEncoding definition (HO)
Now handling font encoding PD1 ...
... no UTF-8 mapping file for font encoding PD1
) (/usr/local/texlive/2025/texmf-dist/tex/generic/intcalc/intcalc.sty
Package: intcalc 2019/12/15 v1.3 Expandable calculations with integers (HO)
)
\Hy@SavedSpaceFactor=\count290
 (/usr/local/texlive/2025/texmf-dist/tex/latex/hyperref/puenc.def
File: puenc.def 2024-11-05 v7.01l Hyperref: PDF Unicode definition (HO)
Now handling font encoding PU ...
... no UTF-8 mapping file for font encoding PU
)
Package hyperref Info: Hyper figures OFF on input line 4157.
Package hyperref Info: Link nesting OFF on input line 4162.
Package hyperref Info: Hyper index ON on input line 4165.
Package hyperref Info: Plain pages OFF on input line 4172.
Package hyperref Info: Backreferencing OFF on input line 4177.
Package hyperref Info: Implicit mode ON; LaTeX internals redefined.
Package hyperref Info: Bookmarks ON on input line 4424.
\c@Hy@tempcnt=\count291
 (/usr/local/texlive/2025/texmf-dist/tex/latex/url/url.sty
\Urlmuskip=\muskip17
Package: url 2013/09/16  ver 3.4  Verb mode for urls, etc.
)
LaTeX Info: Redefining \url on input line 4763.
\XeTeXLinkMargin=\dimen184
 (/usr/local/texlive/2025/texmf-dist/tex/generic/bitset/bitset.sty
Package: bitset 2019/12/09 v1.3 Handle bit-vector datatype (HO)
 (/usr/local/texlive/2025/texmf-dist/tex/generic/bigintcalc/bigintcalc.sty
Package: bigintcalc 2019/12/15 v1.5 Expandable calculations on big integers (HO)
))
\Fld@menulength=\count292
\Field@Width=\dimen185
\Fld@charsize=\dimen186
Package hyperref Info: Hyper figures OFF on input line 6042.
Package hyperref Info: Link nesting OFF on input line 6047.
Package hyperref Info: Hyper index ON on input line 6050.
Package hyperref Info: backreferencing OFF on input line 6057.
Package hyperref Info: Link coloring OFF on input line 6062.
Package hyperref Info: Link coloring with OCG OFF on input line 6067.
Package hyperref Info: PDF/A mode OFF on input line 6072.
 (/usr/local/texlive/2025/texmf-dist/tex/latex/base/atbegshi-ltx.sty
Package: atbegshi-ltx 2021/01/10 v1.0c Emulation of the original atbegshi
package with kernel methods
)
\Hy@abspage=\count293
\c@Item=\count294
\c@Hfootnote=\count295
)
Package hyperref Info: Driver (autodetected): hpdftex.
 (/usr/local/texlive/2025/texmf-dist/tex/latex/hyperref/hpdftex.def
File: hpdftex.def 2024-11-05 v7.01l Hyperref driver for pdfTeX
 (/usr/local/texlive/2025/texmf-dist/tex/latex/base/atveryend-ltx.sty
Package: atveryend-ltx 2020/08/19 v1.0a Emulation of the original atveryend package
with kernel methods
)
\Fld@listcount=\count296
\c@bookmark@seq@number=\count297
 (/usr/local/texlive/2025/texmf-dist/tex/latex/rerunfilecheck/rerunfilecheck.sty
Package: rerunfilecheck 2022-07-10 v1.10 Rerun checks for auxiliary files (HO)
 (/usr/local/texlive/2025/texmf-dist/tex/generic/uniquecounter/uniquecounter.sty
Package: uniquecounter 2019/12/15 v1.4 Provide unlimited unique counter (HO)
)
Package uniquecounter Info: New unique counter `rerunfilecheck' on input line 285.
)
\Hy@SectionHShift=\skip69
)
Package hyperref Info: Option `unicode' set `true' on input line 199.
Package hyperref Info: Option `colorlinks' set `true' on input line 199.
 (/usr/local/texlive/2025/texmf-dist/tex/latex/siunits/SIunits.sty
Package: SIunits 2007/12/02 v1.36 Support for the International System of units (MH)


\@qskwidth=\skip70
LaTeX Font Info:    Redeclaring font encoding TS1 on input line 46.
\symgreek=\mathgroup6
(/usr/local/texlive/2025/texmf-dist/tex/latex/amsmath/amstext.sty
Package: amstext 2021/08/26 v2.01 AMS text
 (/usr/local/texlive/2025/texmf-dist/tex/latex/amsmath/amsgen.sty
File: amsgen.sty 1999/11/30 v2.0 generic functions
\@emptytoks=\toks32
\ex@=\dimen187
)) (/usr/local/texlive/2025/texmf-dist/tex/latex/siunits/SIunits.cfg)
Option `squaren' provided!
)) (/usr/local/texlive/2025/texmf-dist/tex/generic/ulem/ulem.sty
\UL@box=\box59
\UL@hyphenbox=\box60
\UL@skip=\skip71
\UL@hook=\toks33
\UL@height=\dimen188
\UL@pe=\count298
\UL@pixel=\dimen189
\ULC@box=\box61
Package: ulem 2019/11/18
\ULdepth=\dimen190
) (/usr/local/texlive/2025/texmf-dist/tex/latex/pgf/frontendlayer/tikz.sty (/usr/local/texlive/2025/texmf-dist/tex/latex/pgf/basiclayer/pgf.sty (/usr/local/texlive/2025/texmf-dist/tex/latex/pgf/utilities/pgfrcs.sty (/usr/local/texlive/2025/texmf-dist/tex/generic/pgf/utilities/pgfutil-common.tex
\pgfutil@everybye=\toks34
\pgfutil@tempdima=\dimen191
\pgfutil@tempdimb=\dimen192
) (/usr/local/texlive/2025/texmf-dist/tex/generic/pgf/utilities/pgfutil-latex.def
\pgfutil@abb=\box62
) (/usr/local/texlive/2025/texmf-dist/tex/generic/pgf/utilities/pgfrcs.code.tex (/usr/local/texlive/2025/texmf-dist/tex/generic/pgf/pgf.revision.tex)
Package: pgfrcs 2023-01-15 v3.1.10 (3.1.10)
))
Package: pgf 2023-01-15 v3.1.10 (3.1.10)
 (/usr/local/texlive/2025/texmf-dist/tex/latex/pgf/basiclayer/pgfcore.sty (/usr/local/texlive/2025/texmf-dist/tex/latex/pgf/systemlayer/pgfsys.sty (/usr/local/texlive/2025/texmf-dist/tex/generic/pgf/systemlayer/pgfsys.code.tex
Package: pgfsys 2023-01-15 v3.1.10 (3.1.10)
 (/usr/local/texlive/2025/texmf-dist/tex/generic/pgf/utilities/pgfkeys.code.tex
\pgfkeys@pathtoks=\toks35
\pgfkeys@temptoks=\toks36
 (/usr/local/texlive/2025/texmf-dist/tex/generic/pgf/utilities/pgfkeyslibraryfiltered.code.tex
\pgfkeys@tmptoks=\toks37
))
\pgf@x=\dimen193
\pgf@y=\dimen194
\pgf@xa=\dimen195
\pgf@ya=\dimen196
\pgf@xb=\dimen197
\pgf@yb=\dimen198
\pgf@xc=\dimen199
\pgf@yc=\dimen256
\pgf@xd=\dimen257
\pgf@yd=\dimen258
\w@pgf@writea=\write3
\r@pgf@reada=\read3
\c@pgf@counta=\count299
\c@pgf@countb=\count300
\c@pgf@countc=\count301
\c@pgf@countd=\count302
\t@pgf@toka=\toks38
\t@pgf@tokb=\toks39
\t@pgf@tokc=\toks40
\pgf@sys@id@count=\count303
 (/usr/local/texlive/2025/texmf-dist/tex/generic/pgf/systemlayer/pgf.cfg
File: pgf.cfg 2023-01-15 v3.1.10 (3.1.10)
)
Driver file for pgf: pgfsys-pdftex.def
 (/usr/local/texlive/2025/texmf-dist/tex/generic/pgf/systemlayer/pgfsys-pdftex.def
File: pgfsys-pdftex.def 2023-01-15 v3.1.10 (3.1.10)
 (/usr/local/texlive/2025/texmf-dist/tex/generic/pgf/systemlayer/pgfsys-common-pdf.def
File: pgfsys-common-pdf.def 2023-01-15 v3.1.10 (3.1.10)
))) (/usr/local/texlive/2025/texmf-dist/tex/generic/pgf/systemlayer/pgfsyssoftpath.code.tex
File: pgfsyssoftpath.code.tex 2023-01-15 v3.1.10 (3.1.10)
\pgfsyssoftpath@smallbuffer@items=\count304
\pgfsyssoftpath@bigbuffer@items=\count305
) (/usr/local/texlive/2025/texmf-dist/tex/generic/pgf/systemlayer/pgfsysprotocol.code.tex
File: pgfsysprotocol.code.tex 2023-01-15 v3.1.10 (3.1.10)
)) (/usr/local/texlive/2025/texmf-dist/tex/generic/pgf/basiclayer/pgfcore.code.tex
Package: pgfcore 2023-01-15 v3.1.10 (3.1.10)
 (/usr/local/texlive/2025/texmf-dist/tex/generic/pgf/math/pgfmath.code.tex (/usr/local/texlive/2025/texmf-dist/tex/generic/pgf/math/pgfmathutil.code.tex) (/usr/local/texlive/2025/texmf-dist/tex/generic/pgf/math/pgfmathparser.code.tex
\pgfmath@dimen=\dimen259
\pgfmath@count=\count306
\pgfmath@box=\box63
\pgfmath@toks=\toks41
\pgfmath@stack@operand=\toks42
\pgfmath@stack@operation=\toks43
) (/usr/local/texlive/2025/texmf-dist/tex/generic/pgf/math/pgfmathfunctions.code.tex) (/usr/local/texlive/2025/texmf-dist/tex/generic/pgf/math/pgfmathfunctions.basic.code.tex) (/usr/local/texlive/2025/texmf-dist/tex/generic/pgf/math/pgfmathfunctions.trigonometric.code.tex) (/usr/local/texlive/2025/texmf-dist/tex/generic/pgf/math/pgfmathfunctions.random.code.tex) (/usr/local/texlive/2025/texmf-dist/tex/generic/pgf/math/pgfmathfunctions.comparison.code.tex) (/usr/local/texlive/2025/texmf-dist/tex/generic/pgf/math/pgfmathfunctions.base.code.tex) (/usr/local/texlive/2025/texmf-dist/tex/generic/pgf/math/pgfmathfunctions.round.code.tex) (/usr/local/texlive/2025/texmf-dist/tex/generic/pgf/math/pgfmathfunctions.misc.code.tex) (/usr/local/texlive/2025/texmf-dist/tex/generic/pgf/math/pgfmathfunctions.integerarithmetics.code.tex) (/usr/local/texlive/2025/texmf-dist/tex/generic/pgf/math/pgfmathcalc.code.tex) (/usr/local/texlive/2025/texmf-dist/tex/generic/pgf/math/pgfmathfloat.code.tex
\c@pgfmathroundto@lastzeros=\count307
)) (/usr/local/texlive/2025/texmf-dist/tex/generic/pgf/math/pgfint.code.tex) (/usr/local/texlive/2025/texmf-dist/tex/generic/pgf/basiclayer/pgfcorepoints.code.tex
File: pgfcorepoints.code.tex 2023-01-15 v3.1.10 (3.1.10)
\pgf@picminx=\dimen260
\pgf@picmaxx=\dimen261
\pgf@picminy=\dimen262
\pgf@picmaxy=\dimen263
\pgf@pathminx=\dimen264
\pgf@pathmaxx=\dimen265
\pgf@pathminy=\dimen266
\pgf@pathmaxy=\dimen267
\pgf@xx=\dimen268
\pgf@xy=\dimen269
\pgf@yx=\dimen270
\pgf@yy=\dimen271
\pgf@zx=\dimen272
\pgf@zy=\dimen273
) (/usr/local/texlive/2025/texmf-dist/tex/generic/pgf/basiclayer/pgfcorepathconstruct.code.tex
File: pgfcorepathconstruct.code.tex 2023-01-15 v3.1.10 (3.1.10)
\pgf@path@lastx=\dimen274
\pgf@path@lasty=\dimen275
) (/usr/local/texlive/2025/texmf-dist/tex/generic/pgf/basiclayer/pgfcorepathusage.code.tex
File: pgfcorepathusage.code.tex 2023-01-15 v3.1.10 (3.1.10)
\pgf@shorten@end@additional=\dimen276
\pgf@shorten@start@additional=\dimen277
) (/usr/local/texlive/2025/texmf-dist/tex/generic/pgf/basiclayer/pgfcorescopes.code.tex
File: pgfcorescopes.code.tex 2023-01-15 v3.1.10 (3.1.10)
\pgfpic=\box64
\pgf@hbox=\box65
\pgf@layerbox@main=\box66
\pgf@picture@serial@count=\count308
) (/usr/local/texlive/2025/texmf-dist/tex/generic/pgf/basiclayer/pgfcoregraphicstate.code.tex
File: pgfcoregraphicstate.code.tex 2023-01-15 v3.1.10 (3.1.10)
\pgflinewidth=\dimen278
) (/usr/local/texlive/2025/texmf-dist/tex/generic/pgf/basiclayer/pgfcoretransformations.code.tex
File: pgfcoretransformations.code.tex 2023-01-15 v3.1.10 (3.1.10)
\pgf@pt@x=\dimen279
\pgf@pt@y=\dimen280
\pgf@pt@temp=\dimen281
) (/usr/local/texlive/2025/texmf-dist/tex/generic/pgf/basiclayer/pgfcorequick.code.tex
File: pgfcorequick.code.tex 2023-01-15 v3.1.10 (3.1.10)
) (/usr/local/texlive/2025/texmf-dist/tex/generic/pgf/basiclayer/pgfcoreobjects.code.tex
File: pgfcoreobjects.code.tex 2023-01-15 v3.1.10 (3.1.10)
) (/usr/local/texlive/2025/texmf-dist/tex/generic/pgf/basiclayer/pgfcorepathprocessing.code.tex
File: pgfcorepathprocessing.code.tex 2023-01-15 v3.1.10 (3.1.10)
) (/usr/local/texlive/2025/texmf-dist/tex/generic/pgf/basiclayer/pgfcorearrows.code.tex
File: pgfcorearrows.code.tex 2023-01-15 v3.1.10 (3.1.10)
\pgfarrowsep=\dimen282
) (/usr/local/texlive/2025/texmf-dist/tex/generic/pgf/basiclayer/pgfcoreshade.code.tex
File: pgfcoreshade.code.tex 2023-01-15 v3.1.10 (3.1.10)
\pgf@max=\dimen283
\pgf@sys@shading@range@num=\count309
\pgf@shadingcount=\count310
) (/usr/local/texlive/2025/texmf-dist/tex/generic/pgf/basiclayer/pgfcoreimage.code.tex
File: pgfcoreimage.code.tex 2023-01-15 v3.1.10 (3.1.10)
) (/usr/local/texlive/2025/texmf-dist/tex/generic/pgf/basiclayer/pgfcoreexternal.code.tex
File: pgfcoreexternal.code.tex 2023-01-15 v3.1.10 (3.1.10)
\pgfexternal@startupbox=\box67
) (/usr/local/texlive/2025/texmf-dist/tex/generic/pgf/basiclayer/pgfcorelayers.code.tex
File: pgfcorelayers.code.tex 2023-01-15 v3.1.10 (3.1.10)
) (/usr/local/texlive/2025/texmf-dist/tex/generic/pgf/basiclayer/pgfcoretransparency.code.tex
File: pgfcoretransparency.code.tex 2023-01-15 v3.1.10 (3.1.10)
) (/usr/local/texlive/2025/texmf-dist/tex/generic/pgf/basiclayer/pgfcorepatterns.code.tex
File: pgfcorepatterns.code.tex 2023-01-15 v3.1.10 (3.1.10)
) (/usr/local/texlive/2025/texmf-dist/tex/generic/pgf/basiclayer/pgfcorerdf.code.tex
File: pgfcorerdf.code.tex 2023-01-15 v3.1.10 (3.1.10)
))) (/usr/local/texlive/2025/texmf-dist/tex/generic/pgf/modules/pgfmoduleshapes.code.tex
File: pgfmoduleshapes.code.tex 2023-01-15 v3.1.10 (3.1.10)
\pgfnodeparttextbox=\box68
) (/usr/local/texlive/2025/texmf-dist/tex/generic/pgf/modules/pgfmoduleplot.code.tex
File: pgfmoduleplot.code.tex 2023-01-15 v3.1.10 (3.1.10)
) (/usr/local/texlive/2025/texmf-dist/tex/latex/pgf/compatibility/pgfcomp-version-0-65.sty
Package: pgfcomp-version-0-65 2023-01-15 v3.1.10 (3.1.10)
\pgf@nodesepstart=\dimen284
\pgf@nodesepend=\dimen285
) (/usr/local/texlive/2025/texmf-dist/tex/latex/pgf/compatibility/pgfcomp-version-1-18.sty
Package: pgfcomp-version-1-18 2023-01-15 v3.1.10 (3.1.10)
)) (/usr/local/texlive/2025/texmf-dist/tex/latex/pgf/utilities/pgffor.sty (/usr/local/texlive/2025/texmf-dist/tex/latex/pgf/utilities/pgfkeys.sty (/usr/local/texlive/2025/texmf-dist/tex/generic/pgf/utilities/pgfkeys.code.tex)) (/usr/local/texlive/2025/texmf-dist/tex/latex/pgf/math/pgfmath.sty (/usr/local/texlive/2025/texmf-dist/tex/generic/pgf/math/pgfmath.code.tex)) (/usr/local/texlive/2025/texmf-dist/tex/generic/pgf/utilities/pgffor.code.tex
Package: pgffor 2023-01-15 v3.1.10 (3.1.10)
\pgffor@iter=\dimen286
\pgffor@skip=\dimen287
\pgffor@stack=\toks44
\pgffor@toks=\toks45
)) (/usr/local/texlive/2025/texmf-dist/tex/generic/pgf/frontendlayer/tikz/tikz.code.tex
Package: tikz 2023-01-15 v3.1.10 (3.1.10)
 (/usr/local/texlive/2025/texmf-dist/tex/generic/pgf/libraries/pgflibraryplothandlers.code.tex
File: pgflibraryplothandlers.code.tex 2023-01-15 v3.1.10 (3.1.10)
\pgf@plot@mark@count=\count311
\pgfplotmarksize=\dimen288
)
\tikz@lastx=\dimen289
\tikz@lasty=\dimen290
\tikz@lastxsaved=\dimen291
\tikz@lastysaved=\dimen292
\tikz@lastmovetox=\dimen293
\tikz@lastmovetoy=\dimen294
\tikzleveldistance=\dimen295
\tikzsiblingdistance=\dimen296
\tikz@figbox=\box69
\tikz@figbox@bg=\box70
\tikz@tempbox=\box71
\tikz@tempbox@bg=\box72
\tikztreelevel=\count312
\tikznumberofchildren=\count313
\tikznumberofcurrentchild=\count314
\tikz@fig@count=\count315
 (/usr/local/texlive/2025/texmf-dist/tex/generic/pgf/modules/pgfmodulematrix.code.tex
File: pgfmodulematrix.code.tex 2023-01-15 v3.1.10 (3.1.10)
\pgfmatrixcurrentrow=\count316
\pgfmatrixcurrentcolumn=\count317
\pgf@matrix@numberofcolumns=\count318
)
\tikz@expandcount=\count319
 (/usr/local/texlive/2025/texmf-dist/tex/generic/pgf/frontendlayer/tikz/libraries/tikzlibrarytopaths.code.tex
File: tikzlibrarytopaths.code.tex 2023-01-15 v3.1.10 (3.1.10)
))) (/usr/local/texlive/2025/texmf-dist/tex/latex/psnfss/pifont.sty
Package: pifont 2020/03/25 PSNFSS-v9.3 Pi font support (SPQR) 
LaTeX Font Info:    Trying to load font information for U+pzd on input line 63.
 (/usr/local/texlive/2025/texmf-dist/tex/latex/psnfss/upzd.fd
File: upzd.fd 2001/06/04 font definitions for U/pzd.
)
LaTeX Font Info:    Trying to load font information for U+psy on input line 64.
 (/usr/local/texlive/2025/texmf-dist/tex/latex/psnfss/upsy.fd
File: upsy.fd 2001/06/04 font definitions for U/psy.
)) (/usr/local/texlive/2025/texmf-dist/tex/latex/amsmath/amsmath.sty
Package: amsmath 2024/11/05 v2.17t AMS math features
\@mathmargin=\skip72

For additional information on amsmath, use the `?' option.
(/usr/local/texlive/2025/texmf-dist/tex/latex/amsmath/amsbsy.sty
Package: amsbsy 1999/11/29 v1.2d Bold Symbols
\pmbraise@=\dimen297
) (/usr/local/texlive/2025/texmf-dist/tex/latex/amsmath/amsopn.sty
Package: amsopn 2022/04/08 v2.04 operator names
)
\inf@bad=\count320
LaTeX Info: Redefining \frac on input line 233.
\uproot@=\count321
\leftroot@=\count322
LaTeX Info: Redefining \overline on input line 398.
LaTeX Info: Redefining \colon on input line 409.
\classnum@=\count323
\DOTSCASE@=\count324
LaTeX Info: Redefining \ldots on input line 495.
LaTeX Info: Redefining \dots on input line 498.
LaTeX Info: Redefining \cdots on input line 619.
\Mathstrutbox@=\box73
\strutbox@=\box74
LaTeX Info: Redefining \big on input line 721.
LaTeX Info: Redefining \Big on input line 722.
LaTeX Info: Redefining \bigg on input line 723.
LaTeX Info: Redefining \Bigg on input line 724.
\big@size=\dimen298
LaTeX Font Info:    Redeclaring font encoding OML on input line 742.
LaTeX Font Info:    Redeclaring font encoding OMS on input line 743.
\macc@depth=\count325
LaTeX Info: Redefining \bmod on input line 904.
LaTeX Info: Redefining \pmod on input line 909.
LaTeX Info: Redefining \smash on input line 939.
LaTeX Info: Redefining \relbar on input line 969.
LaTeX Info: Redefining \Relbar on input line 970.
\c@MaxMatrixCols=\count326
\dotsspace@=\muskip18
\c@parentequation=\count327
\dspbrk@lvl=\count328
\tag@help=\toks46
\row@=\count329
\column@=\count330
\maxfields@=\count331
\andhelp@=\toks47
\eqnshift@=\dimen299
\alignsep@=\dimen300
\tagshift@=\dimen301
\tagwidth@=\dimen302
\totwidth@=\dimen303
\lineht@=\dimen304
\@envbody=\toks48
\multlinegap=\skip73
\multlinetaggap=\skip74
\mathdisplay@stack=\toks49
LaTeX Info: Redefining \[ on input line 2953.
LaTeX Info: Redefining \] on input line 2954.
) (/usr/local/texlive/2025/texmf-dist/tex/latex/caption/subcaption.sty
Package: subcaption 2023/07/28 v1.6b Sub-captions (AR)
Package caption Info: New subtype `subfigure' on input line 238.
\c@subfigure=\count332
Package caption Info: New subtype `subtable' on input line 238.
\c@subtable=\count333
)
LaTeX Font Info:    Redeclaring math alphabet \mathcal on input line 17.
LaTeX Font Info:    Trying to load font information for T1+ptm on input line 24.
 (/usr/local/texlive/2025/texmf-dist/tex/latex/psnfss/t1ptm.fd
File: t1ptm.fd 2001/06/04 font definitions for T1/ptm.
) (/usr/local/texlive/2025/texmf-dist/tex/latex/l3backend/l3backend-pdftex.def
File: l3backend-pdftex.def 2024-05-08 L3 backend support: PDF output (pdfTeX)
\l__color_backend_stack_int=\count334
\l__pdf_internal_box=\box75
) (./template.aux)
\openout1 = `template.aux'.

LaTeX Font Info:    Checking defaults for OML/cmm/m/it on input line 24.
LaTeX Font Info:    ... okay on input line 24.
LaTeX Font Info:    Checking defaults for OMS/cmsy/m/n on input line 24.
LaTeX Font Info:    ... okay on input line 24.
LaTeX Font Info:    Checking defaults for OT1/cmr/m/n on input line 24.
LaTeX Font Info:    ... okay on input line 24.
LaTeX Font Info:    Checking defaults for T1/cmr/m/n on input line 24.
LaTeX Font Info:    ... okay on input line 24.
LaTeX Font Info:    Checking defaults for TS1/cmr/m/n on input line 24.
LaTeX Font Info:    ... okay on input line 24.
LaTeX Font Info:    Checking defaults for OMX/cmex/m/n on input line 24.
LaTeX Font Info:    ... okay on input line 24.
LaTeX Font Info:    Checking defaults for U/cmr/m/n on input line 24.
LaTeX Font Info:    ... okay on input line 24.
LaTeX Font Info:    Checking defaults for PD1/pdf/m/n on input line 24.
LaTeX Font Info:    ... okay on input line 24.
LaTeX Font Info:    Checking defaults for PU/pdf/m/n on input line 24.
LaTeX Font Info:    ... okay on input line 24.
 (/usr/local/texlive/2025/texmf-dist/tex/context/base/mkii/supp-pdf.mkii
[Loading MPS to PDF converter (version 2006.09.02).]
\scratchcounter=\count335
\scratchdimen=\dimen305
\scratchbox=\box76
\nofMPsegments=\count336
\nofMParguments=\count337
\everyMPshowfont=\toks50
\MPscratchCnt=\count338
\MPscratchDim=\dimen306
\MPnumerator=\count339
\makeMPintoPDFobject=\count340
\everyMPtoPDFconversion=\toks51
) (/usr/local/texlive/2025/texmf-dist/tex/latex/epstopdf-pkg/epstopdf-base.sty
Package: epstopdf-base 2020-01-24 v2.11 Base part for package epstopdf
 (/usr/local/texlive/2025/texmf-dist/tex/latex/grfext/grfext.sty
Package: grfext 2019/12/03 v1.3 Manage graphics extensions (HO)
)
Package epstopdf-base Info: Redefining graphics rule for `.eps' on input line 485.
Package grfext Info: Graphics extension search list:
(grfext)             [.pdf,.png,.jpg,.mps,.jpeg,.jbig2,.jb2,.PDF,.PNG,.JPG,.JPEG,.JBIG2,.JB2,.eps]
(grfext)             \AppendGraphicsExtensions on input line 504.
 (/usr/local/texlive/2025/texmf-dist/tex/latex/latexconfig/epstopdf-sys.cfg
File: epstopdf-sys.cfg 2010/07/13 v1.3 Configuration of (r)epstopdf for TeX Live
))
LaTeX Info: Redefining \microtypecontext on input line 24.
Package microtype Info: Applying patch `item' on input line 24.
Package microtype Info: Applying patch `toc' on input line 24.
Package microtype Info: Applying patch `eqnum' on input line 24.
Package microtype Info: Applying patch `footnote' on input line 24.
Package microtype Info: Applying patch `verbatim' on input line 24.
LaTeX Info: Redefining \microtypesetup on input line 24.
Package microtype Info: Generating PDF output.
Package microtype Info: Character protrusion enabled (level 2).
Package microtype Info: Using default protrusion set `alltext'.
Package microtype Info: Automatic font expansion enabled (level 2),
(microtype)             stretch: 20, shrink: 20, step: 1, non-selected.
Package microtype Info: Using default expansion set `alltext-nott'.
LaTeX Info: Redefining \showhyphens on input line 24.
Package microtype Info: No adjustment of tracking.
Package microtype Info: No adjustment of interword spacing.
Package microtype Info: No adjustment of character kerning.
 (/usr/local/texlive/2025/texmf-dist/tex/latex/microtype/mt-ptm.cfg
File: mt-ptm.cfg 2006/04/20 v1.7 microtype config. file: Times (RS)
)
*geometry* driver: auto-detecting
*geometry* detected driver: pdftex
*geometry* verbose mode - [ preamble ] result:
* driver: pdftex
* paper: <default>
* layout: <same size as paper>
* layoutoffset:(h,v)=(0.0pt,0.0pt)
* modes: 
* h-part:(L,W,R)=(72.26999pt, 469.75502pt, 72.26999pt)
* v-part:(T,H,B)=(72.26999pt, 650.43001pt, 72.26999pt)
* \paperwidth=614.295pt
* \paperheight=794.96999pt
* \textwidth=469.75502pt
* \textheight=650.43001pt
* \oddsidemargin=0.0pt
* \evensidemargin=0.0pt
* \topmargin=-37.0pt
* \headheight=12.0pt
* \headsep=25.0pt
* \topskip=12.0pt
* \footskip=30.0pt
* \marginparwidth=46.97505pt
* \marginparsep=10.0pt
* \columnsep=18.06749pt
* \skip\footins=10.8pt plus 4.0pt minus 2.0pt
* \hoffset=0.0pt
* \voffset=0.0pt
* \mag=1000
* \@twocolumnfalse
* \@twosidefalse
* \@mparswitchfalse
* \@reversemarginfalse
* (1in=72.27pt=25.4mm, 1cm=28.453pt)

Package caption Info: Begin \AtBeginDocument code.
Package caption Info: float package is loaded.
Package caption Info: hyperref package is loaded.
Package caption Info: End \AtBeginDocument code.
Package hyperref Info: Link coloring ON on input line 24.
(./template.out) (./template.out)
\@outlinefile=\write4
\openout4 = `template.out'.


Option `squaren' provided! 
 Command \squaren defined by SIunits package!

LaTeX Font Info:    Trying to load font information for OT1+ztmcm on input line 33.
(/usr/local/texlive/2025/texmf-dist/tex/latex/psnfss/ot1ztmcm.fd
File: ot1ztmcm.fd 2000/01/03 Fontinst v1.801 font definitions for OT1/ztmcm.
)
Package microtype Info: Loading generic protrusion settings for font family
(microtype)             `ztmcm' (encoding: OT1).
(microtype)             For optimal results, create family-specific settings.
(microtype)             See the microtype manual for details.
LaTeX Font Info:    Trying to load font information for OML+ztmcm on input line 33.
 (/usr/local/texlive/2025/texmf-dist/tex/latex/psnfss/omlztmcm.fd
File: omlztmcm.fd 2000/01/03 Fontinst v1.801 font definitions for OML/ztmcm.
)
LaTeX Font Info:    Trying to load font information for OMS+ztmcm on input line 33.
 (/usr/local/texlive/2025/texmf-dist/tex/latex/psnfss/omsztmcm.fd
File: omsztmcm.fd 2000/01/03 Fontinst v1.801 font definitions for OMS/ztmcm.
)
LaTeX Font Info:    Trying to load font information for OMX+ztmcm on input line 33.
 (/usr/local/texlive/2025/texmf-dist/tex/latex/psnfss/omxztmcm.fd
File: omxztmcm.fd 2000/01/03 Fontinst v1.801 font definitions for OMX/ztmcm.
)
LaTeX Font Info:    Trying to load font information for OT1+ptm on input line 33.
 (/usr/local/texlive/2025/texmf-dist/tex/latex/psnfss/ot1ptm.fd
File: ot1ptm.fd 2001/06/04 font definitions for OT1/ptm.
)
LaTeX Font Info:    Font shape `OT1/ptm/bx/n' in size <14.4> not available
(Font)              Font shape `OT1/ptm/b/n' tried instead on input line 33.
LaTeX Font Info:    Font shape `OT1/ptm/bx/n' in size <10.95> not available
(Font)              Font shape `OT1/ptm/b/n' tried instead on input line 33.
LaTeX Font Info:    Font shape `OT1/ptm/bx/n' in size <8> not available
(Font)              Font shape `OT1/ptm/b/n' tried instead on input line 33.
 (/usr/local/texlive/2025/texmf-dist/tex/latex/microtype/mt-eur.cfg
File: mt-eur.cfg 2006/07/31 v1.1 microtype config. file: AMS Euler Roman (RS)
)
LaTeX Font Info:    Font shape `OT1/ptm/bx/n' in size <12> not available
(Font)              Font shape `OT1/ptm/b/n' tried instead on input line 52.
LaTeX Font Info:    Font shape `OT1/ptm/bx/n' in size <9> not available
(Font)              Font shape `OT1/ptm/b/n' tried instead on input line 52.
LaTeX Font Info:    Font shape `OT1/ptm/bx/n' in size <7> not available
(Font)              Font shape `OT1/ptm/b/n' tried instead on input line 52.


[1

{/usr/local/texlive/2025/texmf-var/fonts/map/pdftex/updmap/pdftex.map}{/usr/local/texlive/2025/texmf-dist/fonts/enc/dvips/base/8r.enc}]

[2]

[3]
<IW Fall 2025 Fig. 1 (2).png, id=91, 1003.75pt x 460.72125pt>
File: IW Fall 2025 Fig. 1 (2).png Graphic file (type png)
<use IW Fall 2025 Fig. 1 (2).png>
Package pdftex.def Info: IW Fall 2025 Fig. 1 (2).png  used on input line 100.
(pdftex.def)             Requested size: 469.75502pt x 215.61807pt.
LaTeX Font Info:    Trying to load font information for T1+phv on input line 101.
 (/usr/local/texlive/2025/texmf-dist/tex/latex/psnfss/t1phv.fd
File: t1phv.fd 2020/03/25 scalable font definitions for T1/phv.
)
LaTeX Font Info:    Font shape `T1/phv/m/n' will be
(Font)              scaled to size 9.99591pt on input line 101.
Package microtype Info: Loading generic protrusion settings for font family
(microtype)             `phv' (encoding: T1).
(microtype)             For optimal results, create family-specific settings.
(microtype)             See the microtype manual for details.
LaTeX Font Info:    Font shape `T1/phv/b/n' will be
(Font)              scaled to size 9.99591pt on input line 101.


[4]
LaTeX Font Info:    Trying to load font information for TS1+ptm on input line 111.
 (/usr/local/texlive/2025/texmf-dist/tex/latex/psnfss/ts1ptm.fd
File: ts1ptm.fd 2001/06/04 font definitions for TS1/ptm.
)
Overfull \hbox (227.72163pt too wide) in paragraph at lines 112--118
\T1/ptm/m/n/12 (-20) the im-age, $\OML/ztmcm/m/it/12 f$ \T1/ptm/m/n/12 (-20) is the cam-era's in-trin-sic fo-cal length, and $\OML/ztmcm/m/it/12 a$ \T1/ptm/m/n/12 (-20) is the F-number. $[]$
 []



[5 <./IW Fall 2025 Fig. 1 (2).png>]
<Synthetic Focus Stack Generation Diagram.png, id=107, 1952.29375pt x 939.51pt>
File: Synthetic Focus Stack Generation Diagram.png Graphic file (type png)
<use Synthetic Focus Stack Generation Diagram.png>
Package pdftex.def Info: Synthetic Focus Stack Generation Diagram.png  used on input line 123.
(pdftex.def)             Requested size: 469.75502pt x 226.06044pt.


[6 <./Synthetic Focus Stack Generation Diagram.png>]

[7]

[8]

[9]
Overfull \hbox (43.473pt too wide) in paragraph at lines 178--185
 [][] 
 []



[10]

[11]

[12]

[13]

[14]
<DfDNet Architecture.png, id=160, 617.30624pt x 468.75125pt>
File: DfDNet Architecture.png Graphic file (type png)
<use DfDNet Architecture.png>
Package pdftex.def Info: DfDNet Architecture.png  used on input line 222.
(pdftex.def)             Requested size: 516.73338pt x 392.41083pt.

Overfull \hbox (46.97836pt too wide) in paragraph at lines 222--223
 [][] 
 []



[15]

[16 <./DfDNet Architecture.png>]

[17]

[18]
<dd-0722.png, id=189, 642.4pt x 481.8pt>
File: dd-0722.png Graphic file (type png)
<use dd-0722.png>
Package pdftex.def Info: dd-0722.png  used on input line 308.
(pdftex.def)             Requested size: 173.4405pt x 130.08038pt.
LaTeX Font Info:    Font shape `T1/phv/m/n' will be
(Font)              scaled to size 9.12126pt on input line 309.
<fixed-fd-0500.png, id=190, 642.4pt x 481.8pt>
File: fixed-fd-0500.png Graphic file (type png)
<use fixed-fd-0500.png>
Package pdftex.def Info: fixed-fd-0500.png  used on input line 313.
(pdftex.def)             Requested size: 173.4405pt x 130.08038pt.
<dd-1.01.png, id=191, 642.4pt x 481.8pt>
File: dd-1.01.png Graphic file (type png)
<use dd-1.01.png>
Package pdftex.def Info: dd-1.01.png  used on input line 322.
(pdftex.def)             Requested size: 173.4405pt x 130.08038pt.
<fixed-fd-086.png, id=192, 642.4pt x 481.8pt>
File: fixed-fd-086.png Graphic file (type png)
<use fixed-fd-086.png>
Package pdftex.def Info: fixed-fd-086.png  used on input line 327.
(pdftex.def)             Requested size: 173.4405pt x 130.08038pt.
<dd-167.png, id=193, 642.4pt x 481.8pt>
File: dd-167.png Graphic file (type png)
<use dd-167.png>
Package pdftex.def Info: dd-167.png  used on input line 337.
(pdftex.def)             Requested size: 173.4405pt x 130.08038pt.
<fixed-fd-706.png, id=194, 642.4pt x 481.8pt>
File: fixed-fd-706.png Graphic file (type png)
<use fixed-fd-706.png>
Package pdftex.def Info: fixed-fd-706.png  used on input line 342.
(pdftex.def)             Requested size: 173.4405pt x 130.08038pt.
<ibims-dd-1.png, id=195, 642.4pt x 481.8pt>
File: ibims-dd-1.png Graphic file (type png)
<use ibims-dd-1.png>
Package pdftex.def Info: ibims-dd-1.png  used on input line 390.
(pdftex.def)             Requested size: 89.2546pt x 66.93692pt.
<ibims-dd-1-gt.png, id=196, 560.0925pt x 418.56375pt>
File: ibims-dd-1-gt.png Graphic file (type png)
<use ibims-dd-1-gt.png>
Package pdftex.def Info: ibims-dd-1-gt.png  used on input line 393.
(pdftex.def)             Requested size: 89.2546pt x 66.69693pt.
<ibims-dd-dav2-1.png, id=197, 560.0925pt x 419.5675pt>
File: ibims-dd-dav2-1.png Graphic file (type png)
<use ibims-dd-dav2-1.png>
Package pdftex.def Info: ibims-dd-dav2-1.png  used on input line 396.
(pdftex.def)             Requested size: 89.2546pt x 66.85687pt.
<ibims-dd-dfv-1.png, id=198, 561.09625pt x 419.5675pt>
File: ibims-dd-dfv-1.png Graphic file (type png)
<use ibims-dd-dfv-1.png>
Package pdftex.def Info: ibims-dd-dfv-1.png  used on input line 399.
(pdftex.def)             Requested size: 89.2546pt x 66.73523pt.
<ibims-dd-dfdnet-1.png, id=199, 560.0925pt x 419.5675pt>
File: ibims-dd-dfdnet-1.png Graphic file (type png)
<use ibims-dd-dfdnet-1.png>
Package pdftex.def Info: ibims-dd-dfdnet-1.png  used on input line 402.
(pdftex.def)             Requested size: 89.2546pt x 66.85687pt.
<ibims-dd-28.png, id=200, 788.9475pt x 591.20876pt>
File: ibims-dd-28.png Graphic file (type png)
<use ibims-dd-28.png>
Package pdftex.def Info: ibims-dd-28.png  used on input line 409.
(pdftex.def)             Requested size: 89.2546pt x 66.88248pt.
<ibims-dd-28-gt.png, id=201, 561.09625pt x 422.57875pt>
File: ibims-dd-28-gt.png Graphic file (type png)
<use ibims-dd-28-gt.png>
Package pdftex.def Info: ibims-dd-28-gt.png  used on input line 412.
(pdftex.def)             Requested size: 89.2546pt x 67.2142pt.
<ibims-dd-dav2-28.png, id=202, 618.31pt x 464.73625pt>
File: ibims-dd-dav2-28.png Graphic file (type png)
<use ibims-dd-dav2-28.png>
Package pdftex.def Info: ibims-dd-dav2-28.png  used on input line 415.
(pdftex.def)             Requested size: 89.2546pt x 67.08365pt.
<ibims-dd-dfv-28.png, id=203, 560.0925pt x 420.57124pt>
File: ibims-dd-dfv-28.png Graphic file (type png)
<use ibims-dd-dfv-28.png>
Package pdftex.def Info: ibims-dd-dfv-28.png  used on input line 418.
(pdftex.def)             Requested size: 89.2546pt x 67.01682pt.
<ibims-dd-dfdnet-28.png, id=204, 560.0925pt x 419.5675pt>
File: ibims-dd-dfdnet-28.png Graphic file (type png)
<use ibims-dd-dfdnet-28.png>
Package pdftex.def Info: ibims-dd-dfdnet-28.png  used on input line 421.
(pdftex.def)             Requested size: 89.2546pt x 66.85687pt.
<ibims-dd-88.png, id=205, 642.4pt x 481.8pt>
File: ibims-dd-88.png Graphic file (type png)
<use ibims-dd-88.png>
Package pdftex.def Info: ibims-dd-88.png  used on input line 428.
(pdftex.def)             Requested size: 89.2546pt x 66.93692pt.
<ibims-dd-88-gt.png, id=206, 619.31375pt x 463.7325pt>
File: ibims-dd-88-gt.png Graphic file (type png)
<use ibims-dd-88-gt.png>
Package pdftex.def Info: ibims-dd-88-gt.png  used on input line 431.
(pdftex.def)             Requested size: 89.2546pt x 66.83261pt.
<ibims-dd-dav2-88.png, id=207, 618.31pt x 462.72874pt>
File: ibims-dd-dav2-88.png Graphic file (type png)
<use ibims-dd-dav2-88.png>
Package pdftex.def Info: ibims-dd-dav2-88.png  used on input line 434.
(pdftex.def)             Requested size: 89.2546pt x 66.79387pt.
<ibims-dd-dfv-88.png, id=208, 558.085pt x 420.57124pt>
File: ibims-dd-dfv-88.png Graphic file (type png)
<use ibims-dd-dfv-88.png>
Package pdftex.def Info: ibims-dd-dfv-88.png  used on input line 437.
(pdftex.def)             Requested size: 89.2546pt x 67.26068pt.
<ibims-dd-dfdnet-88.png, id=209, 559.08875pt x 420.57124pt>
File: ibims-dd-dfdnet-88.png Graphic file (type png)
<use ibims-dd-dfdnet-88.png>
Package pdftex.def Info: ibims-dd-dfdnet-88.png  used on input line 440.
(pdftex.def)             Requested size: 89.2546pt x 67.13875pt.


[19]
File: ibims-dd-1.png Graphic file (type png)
<use ibims-dd-1.png>
Package pdftex.def Info: ibims-dd-1.png  used on input line 479.
(pdftex.def)             Requested size: 89.2546pt x 66.93692pt.
File: ibims-dd-1-gt.png Graphic file (type png)
<use ibims-dd-1-gt.png>
Package pdftex.def Info: ibims-dd-1-gt.png  used on input line 482.
(pdftex.def)             Requested size: 89.2546pt x 66.69693pt.
File: ibims-dd-dav2-1.png Graphic file (type png)
<use ibims-dd-dav2-1.png>
Package pdftex.def Info: ibims-dd-dav2-1.png  used on input line 485.
(pdftex.def)             Requested size: 89.2546pt x 66.85687pt.
<ibims-fixed-dfv-1-new.png, id=217, 560.0925pt x 420.57124pt>
File: ibims-fixed-dfv-1-new.png Graphic file (type png)
<use ibims-fixed-dfv-1-new.png>
Package pdftex.def Info: ibims-fixed-dfv-1-new.png  used on input line 488.
(pdftex.def)             Requested size: 89.2546pt x 67.01682pt.
<ibims-fixed-dfdnet-1.png, id=218, 560.0925pt x 417.56pt>
File: ibims-fixed-dfdnet-1.png Graphic file (type png)
<use ibims-fixed-dfdnet-1.png>
Package pdftex.def Info: ibims-fixed-dfdnet-1.png  used on input line 491.
(pdftex.def)             Requested size: 89.2546pt x 66.53699pt.
File: ibims-dd-28.png Graphic file (type png)
<use ibims-dd-28.png>
Package pdftex.def Info: ibims-dd-28.png  used on input line 498.
(pdftex.def)             Requested size: 89.2546pt x 66.88248pt.
File: ibims-dd-28-gt.png Graphic file (type png)
<use ibims-dd-28-gt.png>
Package pdftex.def Info: ibims-dd-28-gt.png  used on input line 501.
(pdftex.def)             Requested size: 89.2546pt x 67.2142pt.
File: ibims-dd-dav2-28.png Graphic file (type png)
<use ibims-dd-dav2-28.png>
Package pdftex.def Info: ibims-dd-dav2-28.png  used on input line 504.
(pdftex.def)             Requested size: 89.2546pt x 67.08365pt.
<ibims-fixed-dfv-28.png, id=219, 561.09625pt x 419.5675pt>
File: ibims-fixed-dfv-28.png Graphic file (type png)
<use ibims-fixed-dfv-28.png>
Package pdftex.def Info: ibims-fixed-dfv-28.png  used on input line 507.
(pdftex.def)             Requested size: 89.2546pt x 66.73523pt.
<ibims-fixed-dfdnet-28.png, id=220, 560.0925pt x 420.57124pt>
File: ibims-fixed-dfdnet-28.png Graphic file (type png)
<use ibims-fixed-dfdnet-28.png>
Package pdftex.def Info: ibims-fixed-dfdnet-28.png  used on input line 510.
(pdftex.def)             Requested size: 89.2546pt x 67.01682pt.
File: ibims-dd-88.png Graphic file (type png)
<use ibims-dd-88.png>
Package pdftex.def Info: ibims-dd-88.png  used on input line 517.
(pdftex.def)             Requested size: 89.2546pt x 66.93692pt.
File: ibims-dd-88-gt.png Graphic file (type png)
<use ibims-dd-88-gt.png>
Package pdftex.def Info: ibims-dd-88-gt.png  used on input line 520.
(pdftex.def)             Requested size: 89.2546pt x 66.83261pt.
File: ibims-dd-dav2-88.png Graphic file (type png)
<use ibims-dd-dav2-88.png>
Package pdftex.def Info: ibims-dd-dav2-88.png  used on input line 523.
(pdftex.def)             Requested size: 89.2546pt x 66.79387pt.
<ibims-fixed-dfv-88.png, id=221, 562.1pt x 421.575pt>
File: ibims-fixed-dfv-88.png Graphic file (type png)
<use ibims-fixed-dfv-88.png>
Package pdftex.def Info: ibims-fixed-dfv-88.png  used on input line 526.
(pdftex.def)             Requested size: 89.2546pt x 66.93875pt.
<ibims-fixed-dfdnet-88.png, id=222, 561.09625pt x 421.575pt>
File: ibims-fixed-dfdnet-88.png Graphic file (type png)
<use ibims-fixed-dfdnet-88.png>
Package pdftex.def Info: ibims-fixed-dfdnet-88.png  used on input line 529.
(pdftex.def)             Requested size: 89.2546pt x 67.05453pt.


[20 <./dd-0722.png> <./fixed-fd-0500.png> <./dd-1.01.png> <./fixed-fd-086.png> <./dd-167.png> <./fixed-fd-706.png>]

[21 <./ibims-dd-1.png> <./ibims-dd-1-gt.png> <./ibims-dd-dav2-1.png> <./ibims-dd-dfv-1.png> <./ibims-dd-dfdnet-1.png> <./ibims-dd-28.png> <./ibims-dd-28-gt.png> <./ibims-dd-dav2-28.png> <./ibims-dd-dfv-28.png> <./ibims-dd-dfdnet-28.png> <./ibims-dd-88.png> <./ibims-dd-88-gt.png> <./ibims-dd-dav2-88.png> <./ibims-dd-dfv-88.png> <./ibims-dd-dfdnet-88.png> <./ibims-fixed-dfv-1-new.png> <./ibims-fixed-dfdnet-1.png> <./ibims-fixed-dfv-28.png> <./ibims-fixed-dfdnet-28.png> <./ibims-fixed-dfv-88.png> <./ibims-fixed-dfdnet-88.png>]
<ddff-sample-1.png, id=264, 578.16pt x 385.44pt>
File: ddff-sample-1.png Graphic file (type png)
<use ddff-sample-1.png>
Package pdftex.def Info: ddff-sample-1.png  used on input line 579.
(pdftex.def)             Requested size: 63.41434pt x 42.27501pt.
<ddff-sample-1-gt1.png, id=265, 560.0925pt x 374.39874pt>
File: ddff-sample-1-gt1.png Graphic file (type png)
<use ddff-sample-1-gt1.png>
Package pdftex.def Info: ddff-sample-1-gt1.png  used on input line 582.
(pdftex.def)             Requested size: 63.41434pt x 42.38939pt.
<dav2-ddff-1.png, id=266, 562.1pt x 373.395pt>
File: dav2-ddff-1.png Graphic file (type png)
<use dav2-ddff-1.png>
Package pdftex.def Info: dav2-ddff-1.png  used on input line 585.
(pdftex.def)             Requested size: 63.41434pt x 42.12192pt.
<depthpro-ddff-1.png, id=267, 560.0925pt x 374.39874pt>
File: depthpro-ddff-1.png Graphic file (type png)
<use depthpro-ddff-1.png>
Package pdftex.def Info: depthpro-ddff-1.png  used on input line 588.
(pdftex.def)             Requested size: 63.41434pt x 42.38939pt.
<moge-ddff-1.png, id=268, 562.1pt x 374.39874pt>
File: moge-ddff-1.png Graphic file (type png)
<use moge-ddff-1.png>
Package pdftex.def Info: moge-ddff-1.png  used on input line 591.
(pdftex.def)             Requested size: 63.41434pt x 42.23515pt.
<dff-dfv-ddff1.png, id=269, 561.09625pt x 374.39874pt>
File: dff-dfv-ddff1.png Graphic file (type png)
<use dff-dfv-ddff1.png>
Package pdftex.def Info: dff-dfv-ddff1.png  used on input line 594.
(pdftex.def)             Requested size: 63.41434pt x 42.30942pt.
<dfd-net-low-defocus-random-scaling-1.png, id=270, 679.53876pt x 452.69125pt>
File: dfd-net-low-defocus-random-scaling-1.png Graphic file (type png)
<use dfd-net-low-defocus-random-scaling-1.png>
Package pdftex.def Info: dfd-net-low-defocus-random-scaling-1.png  used on input line 597.
(pdftex.def)             Requested size: 63.41434pt x 42.23938pt.
<ddff-2.png, id=271, 578.16pt x 385.44pt>
File: ddff-2.png Graphic file (type png)
<use ddff-2.png>
Package pdftex.def Info: ddff-2.png  used on input line 604.
(pdftex.def)             Requested size: 63.41434pt x 42.27501pt.
<ddff-2-gt.png, id=272, 559.08875pt x 373.395pt>
File: ddff-2-gt.png Graphic file (type png)
<use ddff-2-gt.png>
Package pdftex.def Info: ddff-2-gt.png  used on input line 607.
(pdftex.def)             Requested size: 63.41434pt x 42.34982pt.
<ddff-dav2-2.png, id=273, 560.0925pt x 373.395pt>
File: ddff-dav2-2.png Graphic file (type png)
<use ddff-dav2-2.png>
Package pdftex.def Info: ddff-dav2-2.png  used on input line 610.
(pdftex.def)             Requested size: 63.41434pt x 42.27576pt.
<ddff-depthpro-2.png, id=274, 559.08875pt x 374.39874pt>
File: ddff-depthpro-2.png Graphic file (type png)
<use ddff-depthpro-2.png>
Package pdftex.def Info: ddff-depthpro-2.png  used on input line 613.
(pdftex.def)             Requested size: 63.41434pt x 42.46367pt.
<ddff-moge-2.png, id=275, 560.0925pt x 374.39874pt>
File: ddff-moge-2.png Graphic file (type png)
<use ddff-moge-2.png>
Package pdftex.def Info: ddff-moge-2.png  used on input line 616.
(pdftex.def)             Requested size: 63.41434pt x 42.38939pt.
<ddff-dfv-2.png, id=276, 558.085pt x 373.395pt>
File: ddff-dfv-2.png Graphic file (type png)
<use ddff-dfv-2.png>
Package pdftex.def Info: ddff-dfv-2.png  used on input line 619.
(pdftex.def)             Requested size: 63.41434pt x 42.42389pt.
<ddff-dfdnet-2.png, id=277, 560.0925pt x 374.39874pt>
File: ddff-dfdnet-2.png Graphic file (type png)
<use ddff-dfdnet-2.png>
Package pdftex.def Info: ddff-dfdnet-2.png  used on input line 622.
(pdftex.def)             Requested size: 63.41434pt x 42.38939pt.
<ddff-sample-7.png, id=278, 578.16pt x 385.44pt>
File: ddff-sample-7.png Graphic file (type png)
<use ddff-sample-7.png>
Package pdftex.def Info: ddff-sample-7.png  used on input line 629.
(pdftex.def)             Requested size: 63.41434pt x 42.27501pt.
<ddff-sample-7-gt.png, id=279, 562.1pt x 374.39874pt>
File: ddff-sample-7-gt.png Graphic file (type png)
<use ddff-sample-7-gt.png>
Package pdftex.def Info: ddff-sample-7-gt.png  used on input line 632.
(pdftex.def)             Requested size: 63.41434pt x 42.23515pt.
<ddff-dav2-7.png, id=280, 561.09625pt x 373.395pt>
File: ddff-dav2-7.png Graphic file (type png)
<use ddff-dav2-7.png>
Package pdftex.def Info: ddff-dav2-7.png  used on input line 635.
(pdftex.def)             Requested size: 63.41434pt x 42.19598pt.
<ddff-depthpro-7.png, id=281, 564.1075pt x 375.4025pt>
File: ddff-depthpro-7.png Graphic file (type png)
<use ddff-depthpro-7.png>
Package pdftex.def Info: ddff-depthpro-7.png  used on input line 638.
(pdftex.def)             Requested size: 63.41434pt x 42.19945pt.
<ddff-moge-7.png, id=282, 562.1pt x 374.39874pt>
File: ddff-moge-7.png Graphic file (type png)
<use ddff-moge-7.png>
Package pdftex.def Info: ddff-moge-7.png  used on input line 641.
(pdftex.def)             Requested size: 63.41434pt x 42.23515pt.
<ddff-dfv-7.png, id=283, 564.1075pt x 375.4025pt>
File: ddff-dfv-7.png Graphic file (type png)
<use ddff-dfv-7.png>
Package pdftex.def Info: ddff-dfv-7.png  used on input line 644.
(pdftex.def)             Requested size: 63.41434pt x 42.19945pt.
<ddff-dfd-net-7.png, id=284, 561.09625pt x 373.395pt>
File: ddff-dfd-net-7.png Graphic file (type png)
<use ddff-dfd-net-7.png>
Package pdftex.def Info: ddff-dfd-net-7.png  used on input line 647.
(pdftex.def)             Requested size: 63.41434pt x 42.19598pt.


[22] (./template.bbl)

[23 <./ddff-sample-1.png> <./ddff-sample-1-gt1.png> <./dav2-ddff-1.png> <./depthpro-ddff-1.png> <./moge-ddff-1.png> <./dff-dfv-ddff1.png> <./dfd-net-low-defocus-random-scaling-1.png> <./ddff-2.png> <./ddff-2-gt.png> <./ddff-dav2-2.png> <./ddff-depthpro-2.png> <./ddff-moge-2.png> <./ddff-dfv-2.png> <./ddff-dfdnet-2.png> <./ddff-sample-7.png> <./ddff-sample-7-gt.png> <./ddff-dav2-7.png> <./ddff-depthpro-7.png> <./ddff-moge-7.png> <./ddff-dfv-7.png> <./ddff-dfd-net-7.png>] (./template.aux)
 ***********
LaTeX2e <2024-11-01> patch level 2
L3 programming layer <2025-01-18>
 ***********
Package rerunfilecheck Info: File `template.out' has not changed.
(rerunfilecheck)             Checksum: 76CE866F9420B24F6D7EB3C504C0B7E0;2477.
 ) 
Here is how much of TeX's memory you used:
 26946 strings out of 473190
 492644 string characters out of 5715801
 906998 words of memory out of 5000000
 49308 multiletter control sequences out of 15000+600000
 649098 words of font info for 336 fonts, out of 8000000 for 9000
 1141 hyphenation exceptions out of 8191
 92i,12n,95p,2820b,664s stack positions out of 10000i,1000n,20000p,200000b,200000s
</usr/local/texlive/2025/texmf-dist/fonts/type1/public/amsfonts/cm/cmex10.pfb></usr/local/texlive/2025/texmf-dist/fonts/type1/public/amsfonts/cm/cmmi10.pfb></usr/local/texlive/2025/texmf-dist/fonts/type1/public/amsfonts/cm/cmr10.pfb></usr/local/texlive/2025/texmf-dist/fonts/type1/public/amsfonts/cm/cmsy10.pfb></usr/local/texlive/2025/texmf-dist/fonts/type1/urw/helvetic/uhvb8a.pfb></usr/local/texlive/2025/texmf-dist/fonts/type1/urw/helvetic/uhvr8a.pfb></usr/local/texlive/2025/texmf-dist/fonts/type1/urw/symbol/usyr.pfb></usr/local/texlive/2025/texmf-dist/fonts/type1/urw/symbol/usyr.pfb></usr/local/texlive/2025/texmf-dist/fonts/type1/urw/times/utmb8a.pfb></usr/local/texlive/2025/texmf-dist/fonts/type1/urw/times/utmr8a.pfb></usr/local/texlive/2025/texmf-dist/fonts/type1/urw/times/utmri8a.pfb></usr/local/texlive/2025/texmf-dist/fonts/type1/urw/zapfding/uzdr.pfb>
Output written on template.pdf (23 pages, 9277127 bytes).
PDF statistics:
 383 PDF objects out of 1000 (max. 8388607)
 229 compressed objects within 3 object streams
 60 named destinations out of 1000 (max. 500000)
 99732 words of extra memory for PDF output out of 106986 (max. 10000000)

